

Started GET "/" for 127.0.0.1 at Tue Nov 29 10:12:31 +0100 2011
  [1m[36mSQL (0.0ms)[0m  [1mSHOW client_min_messages[0m
  [1m[35mSQL (0.0ms)[0m  SET client_min_messages TO 'panic'
  [1m[36mSQL (0.0ms)[0m  [1mSET standard_conforming_strings = on[0m
  [1m[35mSQL (0.0ms)[0m  SET client_min_messages TO 'notice'
  [1m[36mSQL (0.0ms)[0m  [1mSET time zone 'UTC'[0m
  [1m[35mSQL (0.0ms)[0m  SHOW TIME ZONE
  Processing by HomeController#index as HTML
  [1m[36mSQL (109.4ms)[0m  [1m SELECT a.attname, format_type(a.atttypid, a.atttypmod), d.adsrc, a.attnotnull
 FROM pg_attribute a LEFT JOIN pg_attrdef d
 ON a.attrelid = d.adrelid AND a.attnum = d.adnum
 WHERE a.attrelid = '"users"'::regclass
 AND a.attnum > 0 AND NOT a.attisdropped
 ORDER BY a.attnum
[0m
Rendered home/index.html.erb within layouts/application (781.3ms)
Completed 200 OK in 828ms (Views: 718.8ms | ActiveRecord: 109.4ms)


Started GET "/application_modules.json?_dc=1322557969826&node=root" for 127.0.0.1 at Tue Nov 29 10:12:50 +0100 2011
  Processing by ApplicationModulesController#index as JSON
  Parameters: {"node"=>"root", "_dc"=>"1322557969826"}
DEPRECATION WARNING: Base#before_update has been deprecated, please use Base.before_update :method instead. (called from C:/OPS/coreGUI/app/models/user_application.rb:60)
  [1m[35mSQL (15.6ms)[0m   SELECT a.attname, format_type(a.atttypid, a.atttypmod), d.adsrc, a.attnotnull
 FROM pg_attribute a LEFT JOIN pg_attrdef d
 ON a.attrelid = d.adrelid AND a.attnum = d.adnum
 WHERE a.attrelid = '"users"'::regclass
 AND a.attnum > 0 AND NOT a.attisdropped
 ORDER BY a.attnum
  [1m[36mUserApplication Load (156.3ms)[0m  [1mSELECT "user_applications".* FROM "user_applications" WHERE (login = 'Public' AND application_type = 'application_module') ORDER BY name[0m
  [1m[35mSQL (0.0ms)[0m   SELECT a.attname, format_type(a.atttypid, a.atttypmod), d.adsrc, a.attnotnull
 FROM pg_attribute a LEFT JOIN pg_attrdef d
 ON a.attrelid = d.adrelid AND a.attnum = d.adnum
 WHERE a.attrelid = '"user_applications"'::regclass
 AND a.attnum > 0 AND NOT a.attisdropped
 ORDER BY a.attnum
  [1m[36mSQL (140.6ms)[0m  [1m SELECT tablename
 FROM pg_tables
 WHERE schemaname = ANY (current_schemas(false))
[0m
  [1m[35mSQL (0.0ms)[0m   SELECT a.attname, format_type(a.atttypid, a.atttypmod), d.adsrc, a.attnotnull
 FROM pg_attribute a LEFT JOIN pg_attrdef d
 ON a.attrelid = d.adrelid AND a.attnum = d.adnum
 WHERE a.attrelid = '"application_modules"'::regclass
 AND a.attnum > 0 AND NOT a.attisdropped
 ORDER BY a.attnum
  [1m[36mApplicationModule Load (0.0ms)[0m  [1mSELECT "application_modules".* FROM "application_modules" WHERE "application_modules"."id" = 17 LIMIT 1[0m
  [1m[35mSQL (0.0ms)[0m   SELECT a.attname, format_type(a.atttypid, a.atttypmod), d.adsrc, a.attnotnull
 FROM pg_attribute a LEFT JOIN pg_attrdef d
 ON a.attrelid = d.adrelid AND a.attnum = d.adnum
 WHERE a.attrelid = '"application_modules"'::regclass
 AND a.attnum > 0 AND NOT a.attisdropped
 ORDER BY a.attnum
  [1m[36mSQL (0.0ms)[0m  [1mSELECT 1 FROM "application_modules" WHERE "application_modules"."ancestry" = '1/17' LIMIT 1[0m
  [1m[35mCACHE (0.0ms)[0m  SELECT 1 FROM "application_modules" WHERE "application_modules"."ancestry" = '1/17' LIMIT 1
  [1m[36mApplicationModule Load (0.0ms)[0m  [1mSELECT "application_modules".* FROM "application_modules" WHERE "application_modules"."id" = 4 LIMIT 1[0m
  [1m[35mSQL (0.0ms)[0m  SELECT 1 FROM "application_modules" WHERE "application_modules"."ancestry" = '1/4' LIMIT 1
  [1m[36mCACHE (0.0ms)[0m  [1mSELECT 1 FROM "application_modules" WHERE "application_modules"."ancestry" = '1/4' LIMIT 1[0m
Completed 200 OK in 734ms (Views: 15.6ms | ActiveRecord: 312.5ms)


Started GET "/core_api_calls/check.json?_dc=1322557970197" for 127.0.0.1 at Tue Nov 29 10:12:51 +0100 2011
  Processing by CoreApiCallsController#check as JSON
  Parameters: {"_dc"=>"1322557970197"}
Completed 200 OK in 2344ms (Views: 0.0ms | ActiveRecord: 0.0ms)
